[2025-10-25 07:38:27] Admin viewed catalog list - Page: 1, Search: ''
[2025-10-27 05:03:19] New catalog item created: Title='harry1', Slug='test2', Price=56, Status='published'
[2025-10-27 05:14:18] Image upload failed for new item 'hatty' (slug: test). Reason: Invalid image upload. Allowed: jpg, png, gif, webp. Max size 2MB.
[2025-10-27 05:14:18] Catalog item creation failed for 'hatty' due to validation errors: Invalid image upload. Allowed: jpg, png, gif, webp. Max size 2MB.
[2025-10-27 05:14:42] Image upload failed for new item 'hat' (slug: test). Reason: Invalid image upload. Allowed: jpg, png, gif, webp. Max size 2MB.
[2025-10-27 05:14:42] Catalog item creation failed for 'hat' due to validation errors: Invalid image upload. Allowed: jpg, png, gif, webp. Max size 2MB.
[2025-10-27 05:16:17] New catalog item created: Title='hat', Slug='blue', Price=67, Status='published'
[2025-10-27 05:20:04] Catalog item creation failed - duplicate slug 'test'.
[2025-10-27 05:20:11] New catalog item created: Title='hat', Slug='test7', Price=78, Status='archived'
[2025-10-27 05:38:27] Catalog item updated: ID=29, Title='hat', Slug='blue', Price=66.00, Status='published'
[2025-10-27 05:39:19] Image upload failed while editing item 'hat' (ID: 29). Reason: Invalid image upload. Allowed: jpg, png, gif, webp. Max size 2MB.
[2025-10-27 05:39:19] Catalog item edit failed for ID=29 ('hat') due to validation errors: Invalid image upload. Allowed: jpg, png, gif, webp. Max size 2MB.
[2025-10-27 05:46:46] New catalog item created: Title='title', Slug='23', Price=45, Status='published'
[2025-10-27 05:47:14] Image upload failed while editing item 'hat' (ID: 29). Reason: Invalid image upload. Allowed: jpg, png, gif, webp. Max size 2MB.
[2025-10-27 05:47:14] Catalog item edit failed for ID=29 ('hat') due to validation errors: Invalid image upload. Allowed: jpg, png, gif, webp. Max size 2MB.
[2025-10-27 05:47:47] Catalog item updated: ID=29, Title='hat', Slug='blue', Price=66.00, Status='archived'
[2025-10-27 05:47:55] Catalog item updated: ID=32, Title='title', Slug='23', Price=45.00, Status='archived'
[2025-10-27 05:50:07] Image upload failed while editing item 'title' (ID: 32). Reason: Invalid image upload. Allowed: jpg, png, gif, webp. Max size 2MB.
[2025-10-27 05:50:07] Catalog item edit failed for ID=32 ('title') due to validation errors: Invalid image upload. Allowed: jpg, png, gif, webp. Max size 2MB.
[2025-10-27 06:19:06] Image upload failed for new item 'table' (slug: white). Reason: Invalid image upload. Allowed: jpg, png, gif, webp. Max size 2MB.
[2025-10-27 06:19:06] Catalog item creation failed for 'table' due to validation errors: Invalid image upload. Allowed: jpg, png, gif, webp. Max size 2MB.
[2025-10-27 06:19:20] New catalog item created: Title='table', Slug='white', Price=343, Status='published'
[2025-10-27 06:20:58] Catalog item updated: ID=33, Title='tables', Slug='white', Price=34.00, Status='published'
[2025-10-27 06:54:22] Catalog item creation failed - duplicate slug '2'.
[2025-10-27 06:54:28] New catalog item created: Title='harry1', Slug='26', Price=23, Status='published'
[2025-10-27 06:54:42] Image upload failed while editing item 'harry1' (ID: 35). Reason: Invalid image upload. Allowed: jpg, png, gif, webp. Max size 2MB.
[2025-10-27 06:54:42] Catalog item edit failed for ID=35 ('harry1') due to validation errors: Invalid image upload. Allowed: jpg, png, gif, webp. Max size 2MB.
[2025-10-27 06:54:54] Catalog item updated: ID=35, Title='harry1', Slug='26', Price=23.00, Status='published'
[2025-10-27 06:55:54] Image upload failed for new item 'harry1' (slug: 55). Reason: Invalid image upload. Allowed: jpg, png, gif, webp. Max size 2MB.
[2025-10-27 06:55:54] Catalog item creation failed for 'harry1' due to validation errors: Invalid image upload. Allowed: jpg, png, gif, webp. Max size 2MB.
[2025-10-27 06:56:09] New catalog item created: Title='harry1', Slug='55', Price=568, Status='published'
[2025-10-27 06:56:29] Catalog item updated: ID=35, Title='harry1', Slug='26', Price=26.00, Status='published'
[2025-10-27 06:56:39] Catalog item updated: ID=35, Title='harry1', Slug='26', Price=8787, Status='published'
[2025-10-27 07:00:28] Catalog item updated: ID=36, Title='harry1', Slug='55', Price=56.00, Status='published'
[2025-10-27 07:01:04] New catalog item created: Title='food', Slug='34', Price=456, Status='published'
[2025-10-27 07:03:24] Catalog item creation failed - duplicate slug '34'.
[2025-10-27 07:03:28] New catalog item created: Title='violin', Slug='56', Price=456, Status='published'
[2025-10-27 07:03:49] Catalog item updated: ID=39, Title='violin', Slug='56', Price=456.00, Status='published'
[2025-10-29 09:37:08] New catalog item created: Title='lockets', Slug='lockets', Price=45, Status='published'
[2025-10-29 09:46:09] Catalog item updated: ID=40, Title='lockets', Slug='lockets', Price=46.00, Status='published'
[2025-10-29 09:47:36] Catalog item updated: ID=40, Title='lockets', Slug='lockets', Price=46.00, Status='archived'
[2025-10-29 09:48:35] New catalog item created: Title='slugs', Slug='slugs', Price=78, Status='archived'
[2025-10-30 04:08:14] New catalog item created: Title='Products', Slug='product', Price=45, Status='published'
[2025-10-30 04:16:58] Catalog item updated: ID=42, Title='Products', Slug='product', Price=46.00, Status='published'
[2025-10-30 04:17:29] Catalog item updated: ID=42, Title='Products', Slug='product', Price=48.00, Status='published'
[2025-10-30 04:17:53] Catalog item updated: ID=41, Title='slugs', Slug='slugs', Price=78.00, Status='published'
[2025-11-03 08:52:45] New catalog item created: Title='phnoe', Slug='45', Price=567, Status='published'
[2025-11-03 08:53:17] Catalog item updated: ID=43, Title='phone', Slug='45', Price=567.00, Status='published'
[2025-11-03 09:43:23] Catalog item updated: ID=43, Title='phone', Slug='46', Price=567.00, Status='published'
[2025-11-03 09:44:07] Catalog item updated: ID=43, Title='phone', Slug='46', Price=568.00, Status='published'
[2025-11-03 09:46:56] Catalog item updated: ID=43, Title='phone', Slug='46', Price=568.00, Status='published'
[2025-11-03 09:47:13] Catalog item updated: ID=43, Title='phone', Slug='46', Price=568.00, Status='archived'
[2025-11-12 08:08:02] New catalog item created: Title='strawberry', Slug='fruit', Price=50, Status='published'
[2025-11-14 04:45:09] New catalog item created: Title='rice bag', Slug='rice', Price=1350, Status='published'
[2025-11-14 04:47:07] New catalog item created: Title='kurkure', Slug='snack', Price=40, Status='published'
[2025-11-14 04:49:31] Catalog item creation failed for 'Bread' due to validation errors: Slug can only contain lowercase letters, numbers, and hyphens.
[2025-11-14 04:49:40] Catalog item creation failed for 'Bread' due to validation errors: Slug can only contain lowercase letters, numbers, and hyphens.
[2025-11-14 04:50:07] New catalog item created: Title='Bread', Slug='whitebread', Price=100, Status='published'
[2025-11-14 04:55:44] New catalog item created: Title='corn flakes', Slug='flakes', Price=800, Status='published'
[2025-11-14 05:03:52] Catalog item creation failed for 'Tomato' due to validation errors: Slug can only contain lowercase letters, numbers, and hyphens.
[2025-11-14 05:04:01] New catalog item created: Title='Tomato', Slug='redtomato', Price=50, Status='published'
[2025-11-14 05:04:13] Catalog item updated: ID=49, Title='Tomato', Slug='redtomato', Price=50.00, Status='published'
[2025-11-14 05:06:13] New catalog item created: Title='maggi', Slug='megapack', Price=110, Status='published'
[2025-11-14 05:08:43] New catalog item created: Title='cashew nuts', Slug='nuts', Price=1000, Status='published'
[2025-11-14 05:14:13] New catalog item created: Title='pink salt', Slug='salt', Price=120, Status='published'
[2025-11-14 05:28:02] New catalog item created: Title='cake', Slug='bakeryitems', Price=500, Status='published'
[2025-11-14 05:34:50] Catalog item creation failed for 'soaps' due to validation errors: Slug can only contain lowercase letters, numbers, and hyphens.
[2025-11-14 05:34:56] New catalog item created: Title='soaps', Slug='freshlime', Price=80, Status='published'
[2025-11-14 05:35:06] Catalog item updated: ID=54, Title='soaps', Slug='freshlime', Price=80.00, Status='published'
[2025-11-14 08:27:40] New catalog item created: Title='Horlicks', Slug='milkpowder', Price=600, Status='published'
[2025-11-14 08:27:53] Catalog item updated: ID=55, Title='Horlicks', Slug='milkpowders', Price=600.00, Status='published'
[2025-11-15 12:51:17] Item Updated: ID=55 Title='Horlicks'
[2025-11-18 06:14:52] Item Updated: ID=55 Title='Fresh Potato, 1kg'
[2025-11-18 06:15:12] Item Updated: ID=55 Title='Fresh Potato, 1kg'
[2025-11-18 10:36:21] Item Updated: ID=54 Title='Fresh Onion, 1kg'
[2025-11-18 10:40:29] Item Updated: ID=53 Title='Fresh Carrot - Ooty, 500g'
[2025-11-18 10:45:15] Item Updated: ID=52 Title='Fresh Coriander Leaves, 100 g'
[2025-11-18 10:48:23] Item Updated: ID=51 Title='Fresh Potato - Sweet, 500 g'
[2025-11-18 10:51:41] Item Updated: ID=50 Title='Fresh Tomato Hybrid, 1kg'
[2025-11-18 10:55:05] Item Updated: ID=49 Title='Fresh Chilli Green Hot/Spicy, 100 g'
[2025-11-18 11:06:38] Item Updated: ID=48 Title='Fresh Cucumber, 500g'
[2025-11-18 11:08:27] Item Updated: ID=47 Title='Fresh Capsicum - Green, 500g'
[2025-11-18 11:10:05] Item Updated: ID=46 Title='Fresh Cabbage, 1 Pc (450g-750g)'
[2025-11-19 05:56:52] New catalog item created: Title='Fresh Premium Avocado, 1 Pc ( approx 140 - 200gms)', Slug='avocado', Price=127, Status='published'
[2025-11-19 05:59:22] Item Updated: ID=44 Title='Fresh Coconut - Medium 1 Pc (400-450g).'
[2025-11-19 06:02:14] Item Updated: ID=26 Title='Fresh lemon, 100 g'
[2025-11-19 06:04:24] Item Updated: ID=25 Title='Fresh Tender Coconut Water,1 Pc'
[2025-11-19 06:08:43] Item Updated: ID=45 Title='Fresh Mango Raw, 500 g (4-5 pcs)'
[2025-11-19 06:12:55] Item Updated: ID=24 Title='Fresh Water Melon Large, Kiran, 1 Pc (3 to 5kg)'
[2025-11-19 06:20:17] Item Updated: ID=23 Title='Fresh Orange - Nagpur, 1 kg'
[2025-11-19 06:49:20] Item Updated: ID=22 Title='Fresh Premium Tamarind Sweet, 225 g Pack'
[2025-11-19 06:56:44] Item Updated: ID=21 Title='Fresh Sugarcane stump 1Pc, 225g-250g'
[2025-11-19 07:00:06] Item Updated: ID=20 Title='Pluckk Fresh Ozone Washed Lemon, 200g, Uniform Size'
[2025-11-20 04:08:10] Item Updated: ID=19 Title='Daawat Biryani Basmati Rice'
[2025-11-20 04:12:30] Item Updated: ID=18 Title='Daawat Sona Masoori'
[2025-11-20 04:17:38] Item Updated: ID=16 Title='India Gate Basmati Rice'
[2025-11-20 04:21:18] Item Updated: ID=15 Title='Daawat Pulav Basmati Rice 1Kg'
[2025-11-20 04:24:17] Item Updated: ID=11 Title='Fortune Rozana Gold Basmati Rice 5Kg'
[2025-11-20 04:46:52] Item Updated: ID=8 Title='Sona Masoori Supreme Rice'
[2025-11-20 04:49:33] Item Updated: ID=7 Title='Amazon Brand - Vedaka Idli Rice'
[2025-11-20 04:55:41] Item Updated: ID=6 Title='Kohinoor Charminar Long Grain Rice, 5 Kg'
[2025-11-20 04:57:57] Item Updated: ID=5 Title='Daawat Rozana Mogra Rice, 5kg'
[2025-11-20 04:59:44] New catalog item created: Title='India Gate Basmati Rice Bag, Mogra, 10kg', Slug='mogra', Price=865, Status='published'
